2025-05-08 21:46:02,702 - Namespace(optuna=False, seed=1, mode='test', data_path='C:/Users/Stardust/Desktop/UoA/2025.02/STATS792B/AD-Model/data/PSM', dataset='PSM', input_c=25, output_c=25, model_save_path='model_params', results='C:/Users/Stardust/Desktop/UoA/2025.02/STATS792B/AD-Model/results', mask_ratio=0.05, k=1.0, num_proto=10, len_map=10, anomaly_ratio=0.6, win_size=100, batch_size=64, lr=0.0001, num_epochs=10, e_layers=3, d_model=512, n_heads=8, use_spot=False)
2025-05-08 21:46:02,726 - ======================TEST MODE======================
2025-05-08 21:46:23,312 - Threshold : -0.009999850764870644
2025-05-08 21:46:23,445 - pred:   (87800,)
2025-05-08 21:46:23,446 - gt:     (87800,)
2025-05-08 21:46:23,472 - pred: (87800,)
2025-05-08 21:46:23,472 - gt:   (87800,)
2025-05-08 21:46:23,722 - Accuracy : 0.9886, Precision : 0.9850, Recall : 0.9736, F-score : 0.9793 
2025-05-11 13:46:59,346 - Namespace(optuna=False, seed=1, mode='test', data_path='C:/Users/Stardust/Desktop/UoA/2025.02/STATS792B/AD-Model/data/PSM', dataset='PSM', input_c=25, output_c=25, model_save_path='model_params', results='C:/Users/Stardust/Desktop/UoA/2025.02/STATS792B/AD-Model/results', mask_ratio=0.05, k=1.0, num_proto=10, len_map=10, anomaly_ratio=0.6, win_size=100, batch_size=64, lr=0.0001, num_epochs=10, e_layers=3, d_model=512, n_heads=8, use_Dspot=False)
2025-05-11 13:46:59,377 - ======================TEST MODE======================
2025-05-11 13:47:19,615 - Threshold : -0.009999850764870644
2025-05-11 13:47:19,765 - pred:   (87800,)
2025-05-11 13:47:19,765 - gt:     (87800,)
2025-05-11 13:47:19,786 - pred: (87800,)
2025-05-11 13:47:19,786 - gt:   (87800,)
2025-05-11 13:47:19,997 - Accuracy : 0.9886, Precision : 0.9850, Recall : 0.9736, F-score : 0.9793 
2025-05-11 14:45:34,230 - Namespace(optuna=False, seed=1, mode='test', data_path='C:/Users/Stardust/Desktop/UoA/2025.02/STATS792B/AD-Model/data/PSM', dataset='PSM', input_c=25, output_c=25, model_save_path='model_params', results='C:/Users/Stardust/Desktop/UoA/2025.02/STATS792B/AD-Model/results', mask_ratio=0.05, k=1.0, num_proto=10, len_map=10, anomaly_ratio=0.6, win_size=100, batch_size=64, lr=0.0001, num_epochs=10, e_layers=3, d_model=512, n_heads=8, use_Dspot=False)
2025-05-11 14:45:34,245 - ======================TEST MODE======================
2025-05-11 14:45:54,964 - Threshold : -0.009999850764870644
2025-05-11 14:45:55,128 - pred:   (87800,)
2025-05-11 14:45:55,128 - gt:     (87800,)
2025-05-11 14:45:55,148 - pred: (87800,)
2025-05-11 14:45:55,148 - gt:   (87800,)
2025-05-11 14:45:55,362 - Accuracy : 0.9886, Precision : 0.9850, Recall : 0.9736, F-score : 0.9793 
