2025-05-16 15:04:15,079 - Namespace(optuna=False, seed=1, mode='test', data_path='C:/Users/Stardust/Desktop/UoA/2025.02/STATS792B/AD-Model/data/SMAP', dataset='SMAP', input_c=25, output_c=25, model_save_path='model_params', results='C:/Users/Stardust/Desktop/UoA/2025.02/STATS792B/AD-Model/results', mask_ratio=0.05, k=2.0, num_proto=12, len_map=6, anomaly_ratio=1.0, win_size=100, batch_size=64, lr=0.0001, num_epochs=10, e_layers=3, d_model=512, n_heads=8, use_Dspot=False)
2025-05-16 15:04:15,103 - ======================TEST MODE======================
2025-05-16 15:04:36,428 - Threshold : -0.009999732486903667
2025-05-16 15:04:37,135 - pred:   (427600,)
2025-05-16 15:04:37,135 - gt:     (427600,)
2025-05-16 15:04:37,261 - pred: (427600,)
2025-05-16 15:04:37,261 - gt:   (427600,)
2025-05-16 15:04:38,251 - Accuracy : 0.9782, Precision : 0.9476, Recall : 0.8785, F-score : 0.9117 
2025-05-25 00:17:52,776 - Namespace(optuna=False, seed=1, mode='test', data_path='C:/Users/Stardust/Desktop/UoA/2025.02/STATS792B/AD-Model/data/SMAP', dataset='SMAP', input_c=25, output_c=25, model_save_path='model_params', results='C:/Users/Stardust/Desktop/UoA/2025.02/STATS792B/AD-Model/results', mask_ratio=0.05, k=2.0, num_proto=12, len_map=6, anomaly_ratio=1.0, win_size=100, batch_size=64, lr=0.0001, num_epochs=10, e_layers=3, d_model=512, n_heads=8, use_Dspot=False)
2025-05-25 00:17:52,808 - ======================TEST MODE======================
2025-05-25 00:18:13,868 - Threshold : -0.009999732486903667
2025-05-25 00:18:14,507 - pred:   (427600,)
2025-05-25 00:18:14,507 - gt:     (427600,)
2025-05-25 00:18:14,601 - pred: (427600,)
2025-05-25 00:18:14,601 - gt:   (427600,)
2025-05-25 00:18:15,561 - Accuracy : 0.9782, Precision : 0.9476, Recall : 0.8785, F-score : 0.9117 
2025-05-25 01:22:54,561 - Namespace(optuna=False, seed=1, mode='test', data_path='C:/Users/Stardust/Desktop/UoA/2025.02/STATS792B/AD-Model/data/SMAP', dataset='SMAP', input_c=25, output_c=25, model_save_path='model_params', results='C:/Users/Stardust/Desktop/UoA/2025.02/STATS792B/AD-Model/results', mask_ratio=0.05, k=2.0, num_proto=12, len_map=6, anomaly_ratio=1.0, win_size=100, batch_size=64, lr=0.0001, num_epochs=10, e_layers=3, d_model=512, n_heads=8, use_Dspot=False)
2025-05-25 01:22:54,587 - ======================TEST MODE======================
2025-05-25 01:23:15,418 - Threshold : -0.009999732486903667
2025-05-25 01:23:16,051 - pred:   (427600,)
2025-05-25 01:23:16,051 - gt:     (427600,)
2025-05-25 01:23:16,155 - pred: (427600,)
2025-05-25 01:23:16,156 - gt:   (427600,)
2025-05-25 01:23:17,184 - Accuracy : 0.9782, Precision : 0.9476, Recall : 0.8785, F-score : 0.9117 
