2025-05-10 16:33:03,905 - Namespace(optuna=False, seed=1, mode='test', data_path='C:/Users/Stardust/Desktop/UoA/2025.02/STATS792B/AD-Model/data/SMD', dataset='SMD', input_c=38, output_c=38, model_save_path='model_params', results='C:/Users/Stardust/Desktop/UoA/2025.02/STATS792B/AD-Model/results', mask_ratio=0.05, k=4.0, num_proto=16, len_map=16, anomaly_ratio=0.7, win_size=100, batch_size=64, lr=0.0001, num_epochs=10, e_layers=3, d_model=512, n_heads=8, use_Dspot=False)
2025-05-10 16:33:03,939 - ======================TEST MODE======================
2025-05-10 16:33:06,495 - Threshold : -0.00979956905450672
2025-05-10 16:33:07,565 - pred:   (708400,)
2025-05-10 16:33:07,565 - gt:     (708400,)
2025-05-10 16:33:07,700 - pred: (708400,)
2025-05-10 16:33:07,700 - gt:   (708400,)
2025-05-10 16:33:09,251 - Accuracy : 0.9874, Precision : 0.8442, Recall : 0.8553, F-score : 0.8497 
2025-05-11 17:10:23,852 - Namespace(optuna=False, seed=1, mode='test', data_path='C:/Users/Stardust/Desktop/UoA/2025.02/STATS792B/AD-Model/data/SMD', dataset='SMD', input_c=38, output_c=38, model_save_path='model_params', results='C:/Users/Stardust/Desktop/UoA/2025.02/STATS792B/AD-Model/results', mask_ratio=0.05, k=4.0, num_proto=16, len_map=16, anomaly_ratio=0.7, win_size=100, batch_size=64, lr=0.0001, num_epochs=10, e_layers=3, d_model=512, n_heads=8, use_Dspot=False)
2025-05-11 17:10:23,872 - ======================TEST MODE======================
2025-05-11 17:10:26,460 - Threshold : -0.009799572639167309
2025-05-11 17:10:27,570 - pred:   (708400,)
2025-05-11 17:10:27,570 - gt:     (708400,)
2025-05-11 17:10:27,712 - pred: (708400,)
2025-05-11 17:10:27,712 - gt:   (708400,)
2025-05-11 17:10:29,669 - Accuracy : 0.9874, Precision : 0.8442, Recall : 0.8553, F-score : 0.8497 
2025-05-17 15:11:04,011 - Namespace(optuna=False, seed=1, mode='test', data_path='C:/Users/Stardust/Desktop/UoA/2025.02/STATS792B/AD-Model/data/SMD', dataset='SMD', input_c=38, output_c=38, model_save_path='model_params', results='C:/Users/Stardust/Desktop/UoA/2025.02/STATS792B/AD-Model/results', mask_ratio=0.05, k=4.0, num_proto=16, len_map=16, anomaly_ratio=0.7, win_size=100, batch_size=64, lr=0.0001, num_epochs=10, e_layers=3, d_model=512, n_heads=8, use_Dspot=False)
2025-05-17 15:11:04,029 - ======================TEST MODE======================
2025-05-17 15:11:06,395 - Threshold : -0.009799572639167309
2025-05-17 15:11:07,443 - pred:   (708400,)
2025-05-17 15:11:07,443 - gt:     (708400,)
2025-05-17 15:11:07,563 - pred: (708400,)
2025-05-17 15:11:07,563 - gt:   (708400,)
2025-05-17 15:11:09,081 - Accuracy : 0.9874, Precision : 0.8442, Recall : 0.8553, F-score : 0.8497 
